<?xml version="1.0" encoding="UTF-8"?>
<!-- Generated by org.testng.reporters.JUnitReportReporter -->
<testsuite hostname="mdabduljabbar" failures="0" tests="3" name="ActualTestcase.LoginTestCase" time="12.480" errors="0" timestamp="2025-02-03T10:35:10 EST" skipped="0">
  <testcase classname="ActualTestcase.LoginTestCase" name="entercredentials" time="10.446"/>
  <system-out/>
  <testcase classname="ActualTestcase.LoginTestCase" name="cliclloginBtn" time="1.151"/>
  <system-out/>
  <testcase classname="ActualTestcase.LoginTestCase" name="DashboardPage" time="0.883"/>
  <system-out/>
</testsuite> <!-- ActualTestcase.LoginTestCase -->
