<?xml version="1.0" encoding="UTF-8"?>
<!-- Generated by org.testng.reporters.JUnitReportReporter -->
<testsuite hostname="mdabduljabbar" failures="0" tests="2" name="ActualTestcase.LeaveTestcase" time="1.219" errors="0" timestamp="2025-01-07T12:08:08 EST" skipped="0">
  <testcase classname="ActualTestcase.LeaveTestcase" name="clickLeaveButton" time="0.587"/>
  <system-out/>
  <testcase classname="ActualTestcase.LeaveTestcase" name="verifyApplicationLeave" time="0.632"/>
  <system-out/>
</testsuite> <!-- ActualTestcase.LeaveTestcase -->
