<?xml version="1.0" encoding="UTF-8"?>
<!-- Generated by org.testng.reporters.JUnitReportReporter -->
<testsuite hostname="mdabduljabbar" failures="0" tests="5" name="ActualTestcase.MyInfoTestCase" time="7.245" errors="1" timestamp="2025-02-03T10:35:10 EST" skipped="0">
  <testcase classname="ActualTestcase.MyInfoTestCase" name="clickMyInfoButton" time="1.347"/>
  <system-out/>
  <testcase classname="ActualTestcase.MyInfoTestCase" name="verifyApplicationMyInfo" time="0.649"/>
  <system-out/>
  <testcase classname="ActualTestcase.MyInfoTestCase" name="entertheCredentails" time="0.661"/>
  <system-out/>
  <testcase classname="ActualTestcase.MyInfoTestCase" name="putemployeeId" time="0.000">
    <error message="
Parameter &#039;EmPloyeeID&#039; is required by @Test on method putemployeeId but has not been marked @Optional or defined
in C:\Users\jabba\AppData\Local\Temp\testng-eclipse-1654792498\testng-customsuite.xml" type="org.testng.TestNGException">
      <![CDATA[org.testng.TestNGException: 
Parameter 'EmPloyeeID' is required by @Test on method putemployeeId but has not been marked @Optional or defined
in C:\Users\jabba\AppData\Local\Temp\testng-eclipse-1654792498\testng-customsuite.xml
at org.testng.internal.Parameters.createParams(Parameters.java:270)
at org.testng.internal.Parameters.createParametersForMethod(Parameters.java:358)
at org.testng.internal.Parameters.createParameters(Parameters.java:700)
at org.testng.internal.Parameters.handleParameters(Parameters.java:884)
at org.testng.internal.Parameters.handleParameters(Parameters.java:740)
at org.testng.internal.ParameterHandler.handleParameters(ParameterHandler.java:59)
at org.testng.internal.ParameterHandler.createParameters(ParameterHandler.java:38)
at org.testng.internal.TestInvoker$MethodInvocationAgent.invoke(TestInvoker.java:791)
at org.testng.internal.TestInvoker.invokeTestMethods(TestInvoker.java:146)
at org.testng.internal.TestMethodWorker.invokeTestMethods(TestMethodWorker.java:146)
at org.testng.internal.TestMethodWorker.run(TestMethodWorker.java:128)
at java.base/java.util.ArrayList.forEach(ArrayList.java:1511)
at org.testng.TestRunner.privateRun(TestRunner.java:794)
at org.testng.TestRunner.run(TestRunner.java:596)
at org.testng.SuiteRunner.runTest(SuiteRunner.java:377)
at org.testng.SuiteRunner.runSequentially(SuiteRunner.java:371)
at org.testng.SuiteRunner.privateRun(SuiteRunner.java:332)
at org.testng.SuiteRunner.run(SuiteRunner.java:276)
at org.testng.SuiteRunnerWorker.runSuite(SuiteRunnerWorker.java:53)
at org.testng.SuiteRunnerWorker.run(SuiteRunnerWorker.java:96)
at org.testng.TestNG.runSuitesSequentially(TestNG.java:1212)
at org.testng.TestNG.runSuitesLocally(TestNG.java:1134)
at org.testng.TestNG.runSuites(TestNG.java:1063)
at org.testng.TestNG.run(TestNG.java:1031)
at org.testng.remote.AbstractRemoteTestNG.run(AbstractRemoteTestNG.java:115)
at org.testng.remote.RemoteTestNG.initAndRun(RemoteTestNG.java:251)
at org.testng.remote.RemoteTestNG.main(RemoteTestNG.java:77)
]]>
    </error>
  </testcase> <!-- putemployeeId -->
  <system-out/>
  <testcase classname="ActualTestcase.MyInfoTestCase" name="driverlicence" time="4.588"/>
  <system-out/>
</testsuite> <!-- ActualTestcase.MyInfoTestCase -->
