<?xml version="1.0" encoding="UTF-8"?>
<!-- Generated by org.testng.reporters.JUnitReportReporter -->
<testsuite hostname="mdabduljabbar" failures="0" tests="3" name="ActualTestcase.LoginTestCase" time="6.011" errors="0" timestamp="2025-01-07T12:08:08 EST" skipped="0">
  <testcase classname="ActualTestcase.LoginTestCase" name="entercredentials" time="4.319"/>
  <system-out/>
  <testcase classname="ActualTestcase.LoginTestCase" name="cliclloginBtn" time="1.002"/>
  <system-out/>
  <testcase classname="ActualTestcase.LoginTestCase" name="DashboardPage" time="0.690"/>
  <system-out/>
</testsuite> <!-- ActualTestcase.LoginTestCase -->
