<?xml version="1.0" encoding="UTF-8"?>
<!-- Generated by org.testng.reporters.JUnitReportReporter -->
<testsuite hostname="mdabduljabbar" failures="0" tests="2" name="ActualTestcase.LeaveTestcase" time="1.180" errors="0" timestamp="2025-01-23T06:40:48 EST" skipped="0">
  <testcase classname="ActualTestcase.LeaveTestcase" name="clickLeaveButton" time="0.571"/>
  <system-out/>
  <testcase classname="ActualTestcase.LeaveTestcase" name="verifyApplicationLeave" time="0.609"/>
  <system-out/>
</testsuite> <!-- ActualTestcase.LeaveTestcase -->
