<?xml version="1.0" encoding="UTF-8"?>
<!-- Generated by org.testng.reporters.JUnitReportReporter -->
<testsuite hostname="mdabduljabbar" failures="0" tests="3" name="ActualTestcase.LoginTestCase" time="6.106" errors="0" timestamp="2025-01-23T06:40:48 EST" skipped="0">
  <testcase classname="ActualTestcase.LoginTestCase" name="entercredentials" time="4.473"/>
  <system-out/>
  <testcase classname="ActualTestcase.LoginTestCase" name="cliclloginBtn" time="0.181"/>
  <system-out/>
  <testcase classname="ActualTestcase.LoginTestCase" name="DashboardPage" time="1.452"/>
  <system-out/>
</testsuite> <!-- ActualTestcase.LoginTestCase -->
